<?xml version="1.0" encoding="UTF-8"?>
<testng-results ignored="0" total="1" passed="1" failed="0" skipped="0">
  <reporter-output>
  </reporter-output>
  <suite started-at="2021-12-31T03:10:52 EST" name="Default suite" finished-at="2021-12-31T03:12:27 EST" duration-ms="95297">
    <groups>
      <group name="cucumber">
        <method signature="AbstractTestNGCucumberTests.runScenario(io.cucumber.testng.PickleWrapper, io.cucumber.testng.FeatureWrapper)[pri:0, instance:com.automation.cucumber.runner.LoginRunner@a530d0a]" name="runScenario" class="io.cucumber.testng.AbstractTestNGCucumberTests"/>
      </group> <!-- cucumber -->
    </groups>
    <test started-at="2021-12-31T03:10:52 EST" name="Default test" finished-at="2021-12-31T03:12:27 EST" duration-ms="95297">
      <class name="com.automation.cucumber.runner.LoginRunner">
        <test-method is-config="true" signature="setUpClass()[pri:0, instance:com.automation.cucumber.runner.LoginRunner@a530d0a]" started-at="2021-12-31T03:10:52 EST" name="setUpClass" finished-at="2021-12-31T03:10:53 EST" duration-ms="558" status="PASS">
          <reporter-output>
          </reporter-output>
        </test-method> <!-- setUpClass -->
        <test-method signature="runScenario(io.cucumber.testng.PickleWrapper, io.cucumber.testng.FeatureWrapper)[pri:0, instance:com.automation.cucumber.runner.LoginRunner@a530d0a]" started-at="2021-12-31T03:10:53 EST" name="runScenario" description="Runs Cucumber Scenarios" data-provider="scenarios" finished-at="2021-12-31T03:12:27 EST" duration-ms="94380" status="PASS">
          <params>
            <param index="0">
              <value>
                <![CDATA["Verify that the user is able to login with correct credentials"]]>
              </value>
            </param>
            <param index="1">
              <value>
                <![CDATA["Optional[Module Name: Login]"]]>
              </value>
            </param>
          </params>
          <reporter-output>
          </reporter-output>
        </test-method> <!-- runScenario -->
        <test-method is-config="true" signature="tearDownClass()[pri:0, instance:com.automation.cucumber.runner.LoginRunner@a530d0a]" started-at="2021-12-31T03:12:27 EST" name="tearDownClass" finished-at="2021-12-31T03:12:27 EST" duration-ms="331" status="PASS">
          <reporter-output>
          </reporter-output>
        </test-method> <!-- tearDownClass -->
      </class> <!-- com.automation.cucumber.runner.LoginRunner -->
    </test> <!-- Default test -->
  </suite> <!-- Default suite -->
</testng-results>
